e:\cufe\spring 2023\data structures and algorithms\project\cpuscheduler\cpuscheduler\x64\debug\vc143.pdb
e:\cufe\spring 2023\data structures and algorithms\project\cpuscheduler\cpuscheduler\x64\debug\vc143.idb
e:\cufe\spring 2023\data structures and algorithms\project\cpuscheduler\cpuscheduler\x64\debug\sjf.obj
e:\cufe\spring 2023\data structures and algorithms\project\cpuscheduler\cpuscheduler\x64\debug\rr.obj
e:\cufe\spring 2023\data structures and algorithms\project\cpuscheduler\cpuscheduler\x64\debug\processor.obj
e:\cufe\spring 2023\data structures and algorithms\project\cpuscheduler\cpuscheduler\x64\debug\process.obj
e:\cufe\spring 2023\data structures and algorithms\project\cpuscheduler\cpuscheduler\x64\debug\fcfs.obj
e:\cufe\spring 2023\data structures and algorithms\project\cpuscheduler\cpuscheduler\x64\debug\main.obj
e:\cufe\spring 2023\data structures and algorithms\project\cpuscheduler\cpuscheduler\x64\debug\scheduler.obj
e:\cufe\spring 2023\data structures and algorithms\project\cpuscheduler\cpuscheduler\x64\debug\ui.obj
e:\cufe\spring 2023\data structures and algorithms\project\cpuscheduler\x64\debug\cpuscheduler.pdb
e:\cufe\spring 2023\data structures and algorithms\project\cpuscheduler\cpuscheduler\x64\debug\cpuscheduler.tlog\cl.command.1.tlog
e:\cufe\spring 2023\data structures and algorithms\project\cpuscheduler\cpuscheduler\x64\debug\cpuscheduler.tlog\cl.read.1.tlog
e:\cufe\spring 2023\data structures and algorithms\project\cpuscheduler\cpuscheduler\x64\debug\cpuscheduler.tlog\cl.write.1.tlog
e:\cufe\spring 2023\data structures and algorithms\project\cpuscheduler\cpuscheduler\x64\debug\cpuscheduler.tlog\link-cvtres.read.1.tlog
e:\cufe\spring 2023\data structures and algorithms\project\cpuscheduler\cpuscheduler\x64\debug\cpuscheduler.tlog\link-cvtres.write.1.tlog
e:\cufe\spring 2023\data structures and algorithms\project\cpuscheduler\cpuscheduler\x64\debug\cpuscheduler.tlog\link-rc.read.1.tlog
e:\cufe\spring 2023\data structures and algorithms\project\cpuscheduler\cpuscheduler\x64\debug\cpuscheduler.tlog\link-rc.write.1.tlog
e:\cufe\spring 2023\data structures and algorithms\project\cpuscheduler\cpuscheduler\x64\debug\cpuscheduler.tlog\link.command.1.tlog
e:\cufe\spring 2023\data structures and algorithms\project\cpuscheduler\cpuscheduler\x64\debug\cpuscheduler.tlog\link.read.1.tlog
e:\cufe\spring 2023\data structures and algorithms\project\cpuscheduler\cpuscheduler\x64\debug\cpuscheduler.tlog\link.read.2.tlog
e:\cufe\spring 2023\data structures and algorithms\project\cpuscheduler\cpuscheduler\x64\debug\cpuscheduler.tlog\link.read.3.tlog
e:\cufe\spring 2023\data structures and algorithms\project\cpuscheduler\cpuscheduler\x64\debug\cpuscheduler.tlog\link.write.1.tlog
